#
# A fatal error has been detected by the Java Runtime Environment:
#
#  Internal Error (vmThread.cpp:658), pid=7744, tid=0x00000000000048c8
#  fatal error: Nested VM operation CollectForMetadataAllocation requested by operation ChangeBreakpoints
#
# JRE version: Java(TM) SE Runtime Environment (8.0_191-b12) (build 1.8.0_191-b12)
# Java VM: Java HotSpot(TM) 64-Bit Server VM (25.191-b12 mixed mode windows-amd64 compressed oops)
# Failed to write core dump. Minidumps are not enabled by default on client versions of Windows
#
# If you would like to submit a bug report, please visit:
#   http://bugreport.java.com/bugreport/crash.jsp
#

---------------  T H R E A D  ---------------

Current thread (0x0000000017248800):  VMThread [stack: 0x0000000018f10000,0x0000000019010000] [id=18632]

Stack: [0x0000000018f10000,0x0000000019010000]
[error occurred during error reporting (printing stack bounds), id 0xc0000005]

Native frames: (J=compiled Java code, j=interpreted, Vv=VM code, C=native code)

VM_Operation (0x0000000019d3efb0): ChangeBreakpoints, mode: safepoint, requested by thread 0x0000000019059000


---------------  P R O C E S S  ---------------

Java Threads: ( => current thread )
  0x000000001e2eb000 JavaThread "container-0" [_thread_blocked, id=18352, stack(0x0000000020a20000,0x0000000020b20000)]
  0x000000001e2e7000 JavaThread "Catalina-utility-2" [_thread_blocked, id=4984, stack(0x0000000020920000,0x0000000020a20000)]
  0x000000001e2e6800 JavaThread "Catalina-utility-1" [_thread_blocked, id=1204, stack(0x0000000020820000,0x0000000020920000)]
  0x000000001b8d0800 JavaThread "HikariPool-1 housekeeper" daemon [_thread_blocked, id=9640, stack(0x000000001f820000,0x000000001f920000)]
  0x000000001b983800 JavaThread "spring.cloud.inetutils" daemon [_thread_blocked, id=10908, stack(0x000000001f420000,0x000000001f520000)]
  0x000000001b654800 JavaThread "mysql-cj-abandoned-connection-cleanup" daemon [_thread_blocked, id=14132, stack(0x000000001f320000,0x000000001f420000)]
  0x000000001ad1c000 JavaThread "JMX server connection timeout 21" daemon [_thread_blocked, id=16140, stack(0x000000001c410000,0x000000001c510000)]
  0x000000001aca0000 JavaThread "RMI TCP Connection(2)-127.0.0.1" daemon [_thread_in_native, id=10180, stack(0x000000001c310000,0x000000001c410000)]
  0x000000001acf2000 JavaThread "RMI Scheduler(0)" daemon [_thread_blocked, id=3476, stack(0x000000001c110000,0x000000001c210000)]
  0x000000001acbf800 JavaThread "RMI TCP Connection(1)-127.0.0.1" daemon [_thread_in_native, id=16528, stack(0x000000001c010000,0x000000001c110000)]
  0x000000001ac8d800 JavaThread "RMI TCP Accept-0" daemon [_thread_in_native, id=12412, stack(0x000000001be10000,0x000000001bf10000)]
  0x000000001ac89000 JavaThread "RMI TCP Accept-59881" daemon [_thread_in_native, id=9688, stack(0x000000001bd10000,0x000000001be10000)]
  0x000000001ac75000 JavaThread "RMI TCP Accept-0" daemon [_thread_in_native, id=7360, stack(0x000000001bc10000,0x000000001bd10000)]
  0x00000000190e3800 JavaThread "Service Thread" daemon [_thread_blocked, id=14672, stack(0x000000001a340000,0x000000001a440000)]
  0x000000001909e800 JavaThread "C1 CompilerThread3" daemon [_thread_blocked, id=8676, stack(0x000000001a240000,0x000000001a340000)]
  0x0000000019080800 JavaThread "C2 CompilerThread2" daemon [_thread_blocked, id=1996, stack(0x000000001a140000,0x000000001a240000)]
  0x0000000019080000 JavaThread "C2 CompilerThread1" daemon [_thread_blocked, id=7520, stack(0x000000001a040000,0x000000001a140000)]
  0x0000000019079800 JavaThread "C2 CompilerThread0" daemon [_thread_blocked, id=11772, stack(0x0000000019f40000,0x000000001a040000)]
  0x0000000019068000 JavaThread "JDWP Command Reader" daemon [_thread_in_native, id=16076, stack(0x0000000019e40000,0x0000000019f40000)]
  0x0000000019065000 JavaThread "JDWP Event Helper Thread" daemon [_thread_blocked, id=16148, stack(0x0000000019d40000,0x0000000019e40000)]
  0x0000000019059000 JavaThread "JDWP Transport Listener: dt_socket" daemon [_thread_blocked, id=4404, stack(0x0000000019c40000,0x0000000019d40000)]
  0x000000001904e000 JavaThread "Attach Listener" daemon [_thread_blocked, id=2664, stack(0x0000000019800000,0x0000000019900000)]
  0x000000001904c000 JavaThread "Signal Dispatcher" daemon [_thread_blocked, id=5704, stack(0x0000000019700000,0x0000000019800000)]
  0x0000000019031000 JavaThread "Finalizer" daemon [_thread_blocked, id=18592, stack(0x0000000019510000,0x0000000019610000)]
  0x0000000019030800 JavaThread "Reference Handler" daemon [_thread_blocked, id=11444, stack(0x0000000019410000,0x0000000019510000)]
  0x000000000240c800 JavaThread "main" [_thread_blocked, id=12952, stack(0x0000000002290000,0x0000000002390000)]

Other Threads:
=>0x0000000017248800 VMThread [stack: 0x0000000018f10000,0x0000000019010000] [id=18632]
  0x000000001ac8e800 WatcherThread [stack: 0x000000001bf10000,0x000000001c010000] [id=1736]

VM state:at safepoint (normal execution)

VM Mutex/Monitor currently owned by a thread:  ([mutex/lock_event])
[0x0000000002408f10] Threads_lock - owner thread: 0x0000000017248800

Heap:
 PSYoungGen      total 237568K, used 56097K [0x00000000d7200000, 0x00000000e6f00000, 0x0000000100000000)
  eden space 220160K, 17% used [0x00000000d7200000,0x00000000d9858760,0x00000000e4900000)
  from space 17408K, 96% used [0x00000000e5d00000,0x00000000e6d6fe98,0x00000000e6e00000)
  to   space 19456K, 0% used [0x00000000e4900000,0x00000000e4900000,0x00000000e5c00000)
 ParOldGen       total 98816K, used 22890K [0x0000000085600000, 0x000000008b680000, 0x00000000d7200000)
  object space 98816K, 23% used [0x0000000085600000,0x0000000086c5aae0,0x000000008b680000)
 Metaspace       used 56237K, capacity 58980K, committed 59096K, reserved 1099776K
  class space    used 7877K, capacity 8393K, committed 8448K, reserved 1048576K

Card table byte_map: [0x00000000118c0000,0x0000000011ca0000] byte_map_base: 0x0000000011495000

Marking Bits: (ParMarkBitMap*) 0x0000000073b03e30
 Begin Bits: [0x0000000012730000, 0x00000000145d8000)
 End Bits:   [0x00000000145d8000, 0x0000000016480000)

Polling page: 0x00000000004f0000

CodeCache: size=245760Kb used=11297Kb max_used=11297Kb free=234462Kb
 bounds [0x0000000002500000, 0x0000000003010000, 0x0000000011500000]
 total_blobs=6311 nmethods=5765 adapters=466
 compilation: enabled

Compilation events (10 events):
Event: 22.562 Thread 0x000000001909e800 5803       1       org.springframework.data.util.ParameterizedTypeInformation::flattenTypeVariable (34 bytes)
Event: 22.563 Thread 0x000000001909e800 nmethod 5803 0x0000000003005bd0 code [0x0000000003005d60, 0x0000000003006088]
Event: 22.563 Thread 0x000000001909e800 5804       1       org.springframework.data.repository.core.support.RepositoryFragment$StructuralRepositoryFragment::getSignatureContributor (5 bytes)
Event: 22.563 Thread 0x000000001909e800 nmethod 5804 0x00000000030061d0 code [0x0000000003006320, 0x0000000003006430]
Event: 22.563 Thread 0x000000001909e800 5801       1       org.springframework.core.convert.support.GenericConversionService::convert (139 bytes)
Event: 22.565 Thread 0x000000001909e800 nmethod 5801 0x0000000003006490 code [0x00000000030067c0, 0x0000000003007448]
Event: 22.565 Thread 0x000000001909e800 5802       1       org.hibernate.internal.AbstractSharedSessionContract::getTransactionCoordinator (5 bytes)
Event: 22.565 Thread 0x000000001909e800 nmethod 5802 0x0000000003008550 code [0x00000000030086a0, 0x00000000030087b0]
Event: 22.565 Thread 0x000000001909e800 5800       1       java.util.Collections$UnmodifiableMap::<init> (22 bytes)
Event: 22.565 Thread 0x000000001909e800 nmethod 5800 0x0000000003008810 code [0x0000000003008980, 0x0000000003008b68]

GC Heap History (10 events):
Event: 11.448 GC heap before
{Heap before GC invocations=10 (full 1):
 PSYoungGen      total 148992K, used 56963K [0x00000000d7200000, 0x00000000e4200000, 0x0000000100000000)
  eden space 139776K, 34% used [0x00000000d7200000,0x00000000da0a3a90,0x00000000dfa80000)
  from space 9216K, 99% used [0x00000000e0700000,0x00000000e0ffd358,0x00000000e1000000)
  to   space 12800K, 0% used [0x00000000dfa80000,0x00000000dfa80000,0x00000000e0700000)
 ParOldGen       total 57856K, used 14257K [0x0000000085600000, 0x0000000088e80000, 0x00000000d7200000)
  object space 57856K, 24% used [0x0000000085600000,0x00000000863ec4a8,0x0000000088e80000)
 Metaspace       used 33739K, capacity 35344K, committed 35456K, reserved 1079296K
  class space    used 4577K, capacity 4901K, committed 4992K, reserved 1048576K
Event: 11.470 GC heap after
Heap after GC invocations=10 (full 1):
 PSYoungGen      total 152576K, used 12792K [0x00000000d7200000, 0x00000000e4800000, 0x0000000100000000)
  eden space 139776K, 0% used [0x00000000d7200000,0x00000000d7200000,0x00000000dfa80000)
  from space 12800K, 99% used [0x00000000dfa80000,0x00000000e06fe398,0x00000000e0700000)
  to   space 16384K, 0% used [0x00000000e3800000,0x00000000e3800000,0x00000000e4800000)
 ParOldGen       total 57856K, used 18113K [0x0000000085600000, 0x0000000088e80000, 0x00000000d7200000)
  object space 57856K, 31% used [0x0000000085600000,0x00000000867b0680,0x0000000088e80000)
 Metaspace       used 33739K, capacity 35344K, committed 35456K, reserved 1079296K
  class space    used 4577K, capacity 4901K, committed 4992K, reserved 1048576K
}
Event: 11.470 GC heap before
{Heap before GC invocations=11 (full 2):
 PSYoungGen      total 152576K, used 12792K [0x00000000d7200000, 0x00000000e4800000, 0x0000000100000000)
  eden space 139776K, 0% used [0x00000000d7200000,0x00000000d7200000,0x00000000dfa80000)
  from space 12800K, 99% used [0x00000000dfa80000,0x00000000e06fe398,0x00000000e0700000)
  to   space 16384K, 0% used [0x00000000e3800000,0x00000000e3800000,0x00000000e4800000)
 ParOldGen       total 57856K, used 18113K [0x0000000085600000, 0x0000000088e80000, 0x00000000d7200000)
  object space 57856K, 31% used [0x0000000085600000,0x00000000867b0680,0x0000000088e80000)
 Metaspace       used 33739K, capacity 35344K, committed 35456K, reserved 1079296K
  class space    used 4577K, capacity 4901K, committed 4992K, reserved 1048576K
Event: 11.597 GC heap after
Heap after GC invocations=11 (full 2):
 PSYoungGen      total 152576K, used 0K [0x00000000d7200000, 0x00000000e4800000, 0x0000000100000000)
  eden space 139776K, 0% used [0x00000000d7200000,0x00000000d7200000,0x00000000dfa80000)
  from space 12800K, 0% used [0x00000000dfa80000,0x00000000dfa80000,0x00000000e0700000)
  to   space 16384K, 0% used [0x00000000e3800000,0x00000000e3800000,0x00000000e4800000)
 ParOldGen       total 98816K, used 22850K [0x0000000085600000, 0x000000008b680000, 0x00000000d7200000)
  object space 98816K, 23% used [0x0000000085600000,0x0000000086c50ad0,0x000000008b680000)
 Metaspace       used 33739K, capacity 35344K, committed 35456K, reserved 1079296K
  class space    used 4577K, capacity 4901K, committed 4992K, reserved 1048576K
}
Event: 15.031 GC heap before
{Heap before GC invocations=12 (full 2):
 PSYoungGen      total 152576K, used 139776K [0x00000000d7200000, 0x00000000e4800000, 0x0000000100000000)
  eden space 139776K, 100% used [0x00000000d7200000,0x00000000dfa80000,0x00000000dfa80000)
  from space 12800K, 0% used [0x00000000dfa80000,0x00000000dfa80000,0x00000000e0700000)
  to   space 16384K, 0% used [0x00000000e3800000,0x00000000e3800000,0x00000000e4800000)
 ParOldGen       total 98816K, used 22850K [0x0000000085600000, 0x000000008b680000, 0x00000000d7200000)
  object space 98816K, 23% used [0x0000000085600000,0x0000000086c50ad0,0x000000008b680000)
 Metaspace       used 37363K, capacity 39302K, committed 39552K, reserved 1083392K
  class space    used 5076K, capacity 5456K, committed 5504K, reserved 1048576K
Event: 15.043 GC heap after
Heap after GC invocations=12 (full 2):
 PSYoungGen      total 184320K, used 6184K [0x00000000d7200000, 0x00000000e3e80000, 0x0000000100000000)
  eden space 177664K, 0% used [0x00000000d7200000,0x00000000d7200000,0x00000000e1f80000)
  from space 6656K, 92% used [0x00000000e3800000,0x00000000e3e0a248,0x00000000e3e80000)
  to   space 15872K, 0% used [0x00000000e1f80000,0x00000000e1f80000,0x00000000e2f00000)
 ParOldGen       total 98816K, used 22858K [0x0000000085600000, 0x000000008b680000, 0x00000000d7200000)
  object space 98816K, 23% used [0x0000000085600000,0x0000000086c52ad0,0x000000008b680000)
 Metaspace       used 37363K, capacity 39302K, committed 39552K, reserved 1083392K
  class space    used 5076K, capacity 5456K, committed 5504K, reserved 1048576K
}
Event: 17.708 GC heap before
{Heap before GC invocations=13 (full 2):
 PSYoungGen      total 184320K, used 183848K [0x00000000d7200000, 0x00000000e3e80000, 0x0000000100000000)
  eden space 177664K, 100% used [0x00000000d7200000,0x00000000e1f80000,0x00000000e1f80000)
  from space 6656K, 92% used [0x00000000e3800000,0x00000000e3e0a248,0x00000000e3e80000)
  to   space 15872K, 0% used [0x00000000e1f80000,0x00000000e1f80000,0x00000000e2f00000)
 ParOldGen       total 98816K, used 22858K [0x0000000085600000, 0x000000008b680000, 0x00000000d7200000)
  object space 98816K, 23% used [0x0000000085600000,0x0000000086c52ad0,0x000000008b680000)
 Metaspace       used 47224K, capacity 49344K, committed 49664K, reserved 1091584K
  class space    used 6470K, capacity 6893K, committed 6912K, reserved 1048576K
Event: 17.729 GC heap after
Heap after GC invocations=13 (full 2):
 PSYoungGen      total 193536K, used 14890K [0x00000000d7200000, 0x00000000e6e00000, 0x0000000100000000)
  eden space 177664K, 0% used [0x00000000d7200000,0x00000000d7200000,0x00000000e1f80000)
  from space 15872K, 93% used [0x00000000e1f80000,0x00000000e2e0a938,0x00000000e2f00000)
  to   space 17408K, 0% used [0x00000000e5d00000,0x00000000e5d00000,0x00000000e6e00000)
 ParOldGen       total 98816K, used 22866K [0x0000000085600000, 0x000000008b680000, 0x00000000d7200000)
  object space 98816K, 23% used [0x0000000085600000,0x0000000086c54ad0,0x000000008b680000)
 Metaspace       used 47224K, capacity 49344K, committed 49664K, reserved 1091584K
  class space    used 6470K, capacity 6893K, committed 6912K, reserved 1048576K
}
Event: 21.864 GC heap before
{Heap before GC invocations=14 (full 2):
 PSYoungGen      total 193536K, used 192554K [0x00000000d7200000, 0x00000000e6e00000, 0x0000000100000000)
  eden space 177664K, 100% used [0x00000000d7200000,0x00000000e1f80000,0x00000000e1f80000)
  from space 15872K, 93% used [0x00000000e1f80000,0x00000000e2e0a938,0x00000000e2f00000)
  to   space 17408K, 0% used [0x00000000e5d00000,0x00000000e5d00000,0x00000000e6e00000)
 ParOldGen       total 98816K, used 22866K [0x0000000085600000, 0x000000008b680000, 0x00000000d7200000)
  object space 98816K, 23% used [0x0000000085600000,0x0000000086c54ad0,0x000000008b680000)
 Metaspace       used 54671K, capacity 57308K, committed 57600K, reserved 1099776K
  class space    used 7652K, capacity 8145K, committed 8192K, reserved 1048576K
Event: 21.887 GC heap after
Heap after GC invocations=14 (full 2):
 PSYoungGen      total 237568K, used 16831K [0x00000000d7200000, 0x00000000e6f00000, 0x0000000100000000)
  eden space 220160K, 0% used [0x00000000d7200000,0x00000000d7200000,0x00000000e4900000)
  from space 17408K, 96% used [0x00000000e5d00000,0x00000000e6d6fe98,0x00000000e6e00000)
  to   space 19456K, 0% used [0x00000000e4900000,0x00000000e4900000,0x00000000e5c00000)
 ParOldGen       total 98816K, used 22890K [0x0000000085600000, 0x000000008b680000, 0x00000000d7200000)
  object space 98816K, 23% used [0x0000000085600000,0x0000000086c5aae0,0x000000008b680000)
 Metaspace       used 54671K, capacity 57308K, committed 57600K, reserved 1099776K
  class space    used 7652K, capacity 8145K, committed 8192K, reserved 1048576K
}

Deoptimization events (0 events):
No events

Classes redefined (0 events):
No events

Internal exceptions (10 events):
Event: 22.355 Thread 0x000000000240c800 Exception <a 'java/lang/ArrayIndexOutOfBoundsException'> (0x00000000d8c6fbe0) thrown at [C:\re\workspace\8-2-build-windows-amd64-cygwin\jdk8u191\11896\hotspot\src\share\vm\runtime\sharedRuntime.cpp, line 605]
Event: 22.355 Thread 0x000000000240c800 Exception <a 'java/lang/ArrayIndexOutOfBoundsException'> (0x00000000d8c71578) thrown at [C:\re\workspace\8-2-build-windows-amd64-cygwin\jdk8u191\11896\hotspot\src\share\vm\runtime\sharedRuntime.cpp, line 605]
Event: 22.355 Thread 0x000000000240c800 Exception <a 'java/lang/ArrayIndexOutOfBoundsException'> (0x00000000d8c730c0) thrown at [C:\re\workspace\8-2-build-windows-amd64-cygwin\jdk8u191\11896\hotspot\src\share\vm\runtime\sharedRuntime.cpp, line 605]
Event: 22.356 Thread 0x000000000240c800 Exception <a 'java/lang/ArrayIndexOutOfBoundsException'> (0x00000000d8c7d968) thrown at [C:\re\workspace\8-2-build-windows-amd64-cygwin\jdk8u191\11896\hotspot\src\share\vm\runtime\sharedRuntime.cpp, line 605]
Event: 22.357 Thread 0x000000000240c800 Exception <a 'java/lang/ArrayIndexOutOfBoundsException'> (0x00000000d8c7fbf0) thrown at [C:\re\workspace\8-2-build-windows-amd64-cygwin\jdk8u191\11896\hotspot\src\share\vm\runtime\sharedRuntime.cpp, line 605]
Event: 22.357 Thread 0x000000000240c800 Exception <a 'java/lang/ArrayIndexOutOfBoundsException'> (0x00000000d8c81df8) thrown at [C:\re\workspace\8-2-build-windows-amd64-cygwin\jdk8u191\11896\hotspot\src\share\vm\runtime\sharedRuntime.cpp, line 605]
Event: 22.363 Thread 0x000000000240c800 Exception <a 'java/lang/ArrayIndexOutOfBoundsException'> (0x00000000d8ca3028) thrown at [C:\re\workspace\8-2-build-windows-amd64-cygwin\jdk8u191\11896\hotspot\src\share\vm\runtime\sharedRuntime.cpp, line 605]
Event: 22.364 Thread 0x000000000240c800 Exception <a 'java/lang/ArrayIndexOutOfBoundsException'> (0x00000000d8cce628) thrown at [C:\re\workspace\8-2-build-windows-amd64-cygwin\jdk8u191\11896\hotspot\src\share\vm\runtime\sharedRuntime.cpp, line 605]
Event: 22.425 Thread 0x000000000240c800 Exception <a 'java/lang/ArrayIndexOutOfBoundsException'> (0x00000000d8f8f648) thrown at [C:\re\workspace\8-2-build-windows-amd64-cygwin\jdk8u191\11896\hotspot\src\share\vm\runtime\sharedRuntime.cpp, line 605]
Event: 22.473 Thread 0x000000000240c800 Exception <a 'java/lang/ArrayIndexOutOfBoundsException'> (0x00000000d91279c0) thrown at [C:\re\workspace\8-2-build-windows-amd64-cygwin\jdk8u191\11896\hotspot\src\share\vm\runtime\sharedRuntime.cpp, line 605]

Events (10 events):
Event: 22.509 Thread 0x000000000240c800 DEOPT UNPACKING pc=0x0000000002547490 sp=0x000000000238b380 mode 1
Event: 22.521 loading class com/acboot/aviocompany/dto/SlanjePozivniceZaRezervacijuDTO
Event: 22.521 loading class com/acboot/aviocompany/dto/SlanjePozivniceZaRezervacijuDTO done
Event: 22.521 Thread 0x000000000240c800 DEOPT PACKING pc=0x0000000002725749 sp=0x000000000238a470
Event: 22.521 Thread 0x000000000240c800 DEOPT UNPACKING pc=0x0000000002547490 sp=0x000000000238a1c0 mode 1
Event: 22.521 Thread 0x000000000240c800 DEOPT PACKING pc=0x00000000026da7f4 sp=0x000000000238a4f0
Event: 22.521 Thread 0x000000000240c800 DEOPT UNPACKING pc=0x0000000002547490 sp=0x000000000238a310 mode 1
Event: 22.521 Thread 0x000000000240c800 DEOPT PACKING pc=0x00000000026da73c sp=0x000000000238a680
Event: 22.521 Thread 0x000000000240c800 DEOPT UNPACKING pc=0x0000000002547490 sp=0x000000000238a4a0 mode 1
Event: 22.576 Executing VM operation: ChangeBreakpoints


Dynamic libraries:
0x00007ff6e7750000 - 0x00007ff6e7787000 	C:\Program Files\Java\jdk1.8.0_191\bin\javaw.exe
0x00007ff9cbc60000 - 0x00007ff9cbe41000 	C:\WINDOWS\SYSTEM32\ntdll.dll
0x00007ff9cb9d0000 - 0x00007ff9cba81000 	C:\WINDOWS\System32\KERNEL32.DLL
0x00007ff9c8030000 - 0x00007ff9c82a3000 	C:\WINDOWS\System32\KERNELBASE.dll
0x00007ff9cb910000 - 0x00007ff9cb9b1000 	C:\WINDOWS\System32\ADVAPI32.dll
0x00007ff9c91a0000 - 0x00007ff9c923e000 	C:\WINDOWS\System32\msvcrt.dll
0x00007ff9c9610000 - 0x00007ff9c966b000 	C:\WINDOWS\System32\sechost.dll
0x00007ff9cb780000 - 0x00007ff9cb8a4000 	C:\WINDOWS\System32\RPCRT4.dll
0x00007ff9cb320000 - 0x00007ff9cb4b0000 	C:\WINDOWS\System32\USER32.dll
0x00007ff9c8d50000 - 0x00007ff9c8d70000 	C:\WINDOWS\System32\win32u.dll
0x00007ff9c9240000 - 0x00007ff9c9268000 	C:\WINDOWS\System32\GDI32.dll
0x00007ff9c8e40000 - 0x00007ff9c8fd1000 	C:\WINDOWS\System32\gdi32full.dll
0x00007ff9c82b0000 - 0x00007ff9c834f000 	C:\WINDOWS\System32\msvcp_win.dll
0x00007ff9c8c50000 - 0x00007ff9c8d48000 	C:\WINDOWS\System32\ucrtbase.dll
0x00007ff9b77a0000 - 0x00007ff9b7a09000 	C:\WINDOWS\WinSxS\amd64_microsoft.windows.common-controls_6595b64144ccf1df_6.0.17134.885_none_fb42a3473065565f\COMCTL32.dll
0x00007ff9c9ac0000 - 0x00007ff9c9de2000 	C:\WINDOWS\System32\combase.dll
0x00007ff9c8dc0000 - 0x00007ff9c8e39000 	C:\WINDOWS\System32\bcryptPrimitives.dll
0x00007ff9c93a0000 - 0x00007ff9c93cd000 	C:\WINDOWS\System32\IMM32.DLL
0x0000000073b90000 - 0x0000000073c62000 	C:\Program Files\Java\jdk1.8.0_191\jre\bin\msvcr100.dll
0x00000000732e0000 - 0x0000000073b84000 	C:\Program Files\Java\jdk1.8.0_191\jre\bin\server\jvm.dll
0x00007ff9cb9c0000 - 0x00007ff9cb9c8000 	C:\WINDOWS\System32\PSAPI.DLL
0x00007ff9c39f0000 - 0x00007ff9c39f9000 	C:\WINDOWS\SYSTEM32\WSOCK32.dll
0x00007ff9c1180000 - 0x00007ff9c118a000 	C:\WINDOWS\SYSTEM32\VERSION.dll
0x00007ff9be9c0000 - 0x00007ff9be9e3000 	C:\WINDOWS\SYSTEM32\WINMM.dll
0x00007ff9cb4b0000 - 0x00007ff9cb51c000 	C:\WINDOWS\System32\WS2_32.dll
0x00007ff9be7b0000 - 0x00007ff9be7da000 	C:\WINDOWS\SYSTEM32\WINMMBASE.dll
0x00007ff9c8d70000 - 0x00007ff9c8db9000 	C:\WINDOWS\System32\cfgmgr32.dll
0x0000000076280000 - 0x000000007628f000 	C:\Program Files\Java\jdk1.8.0_191\jre\bin\verify.dll
0x0000000076250000 - 0x0000000076279000 	C:\Program Files\Java\jdk1.8.0_191\jre\bin\java.dll
0x0000000072f10000 - 0x0000000072f45000 	C:\Program Files\Java\jdk1.8.0_191\jre\bin\jdwp.dll
0x0000000076330000 - 0x0000000076338000 	C:\Program Files\Java\jdk1.8.0_191\jre\bin\npt.dll
0x0000000076230000 - 0x0000000076246000 	C:\Program Files\Java\jdk1.8.0_191\jre\bin\zip.dll
0x00007ff9c9e50000 - 0x00007ff9cb290000 	C:\WINDOWS\System32\SHELL32.dll
0x00007ff9c90f0000 - 0x00007ff9c9199000 	C:\WINDOWS\System32\shcore.dll
0x00007ff9c8350000 - 0x00007ff9c8a5d000 	C:\WINDOWS\System32\windows.storage.dll
0x00007ff9cb8b0000 - 0x00007ff9cb901000 	C:\WINDOWS\System32\shlwapi.dll
0x00007ff9c8010000 - 0x00007ff9c8021000 	C:\WINDOWS\System32\kernel.appcore.dll
0x00007ff9c7fd0000 - 0x00007ff9c7fef000 	C:\WINDOWS\System32\profapi.dll
0x00007ff9c7f80000 - 0x00007ff9c7fcc000 	C:\WINDOWS\System32\powrprof.dll
0x00007ff9c7f70000 - 0x00007ff9c7f7a000 	C:\WINDOWS\System32\FLTLIB.DLL
0x0000000076290000 - 0x0000000076299000 	C:\Program Files\Java\jdk1.8.0_191\jre\bin\dt_socket.dll
0x00007ff9baec0000 - 0x00007ff9baed6000 	C:\WINDOWS\system32\napinsp.dll
0x00007ff9bae90000 - 0x00007ff9baeaa000 	C:\WINDOWS\system32\pnrpnsp.dll
0x00007ff9c4d80000 - 0x00007ff9c4d99000 	C:\WINDOWS\system32\NLAapi.dll
0x00007ff9c7740000 - 0x00007ff9c77a6000 	C:\WINDOWS\System32\mswsock.dll
0x00007ff9c7520000 - 0x00007ff9c75de000 	C:\WINDOWS\SYSTEM32\DNSAPI.dll
0x00007ff9cb310000 - 0x00007ff9cb318000 	C:\WINDOWS\System32\NSI.dll
0x00007ff9c74e0000 - 0x00007ff9c7518000 	C:\WINDOWS\SYSTEM32\IPHLPAPI.DLL
0x00007ff9bae80000 - 0x00007ff9bae8e000 	C:\WINDOWS\System32\winrnr.dll
0x00007ff9c2a40000 - 0x00007ff9c2a55000 	C:\WINDOWS\System32\wshbth.dll
0x00007ff9c0690000 - 0x00007ff9c0702000 	C:\WINDOWS\System32\fwpuclnt.dll
0x00007ff9c7a20000 - 0x00007ff9c7a45000 	C:\WINDOWS\SYSTEM32\bcrypt.dll
0x00007ff9c0b40000 - 0x00007ff9c0b4a000 	C:\Windows\System32\rasadhlp.dll
0x0000000076220000 - 0x000000007622d000 	C:\Program Files\Java\jdk1.8.0_191\jre\bin\management.dll
0x0000000076200000 - 0x000000007621a000 	C:\Program Files\Java\jdk1.8.0_191\jre\bin\net.dll
0x00000000761e0000 - 0x00000000761f1000 	C:\Program Files\Java\jdk1.8.0_191\jre\bin\nio.dll
0x00007ff9c7990000 - 0x00007ff9c79a7000 	C:\WINDOWS\SYSTEM32\CRYPTSP.dll
0x00007ff9c7340000 - 0x00007ff9c7373000 	C:\WINDOWS\system32\rsaenh.dll
0x00007ff9c7e70000 - 0x00007ff9c7e98000 	C:\WINDOWS\SYSTEM32\USERENV.dll
0x00007ff9c78a0000 - 0x00007ff9c78ab000 	C:\WINDOWS\SYSTEM32\CRYPTBASE.dll
0x00007ff9c2400000 - 0x00007ff9c2416000 	C:\WINDOWS\SYSTEM32\dhcpcsvc6.DLL
0x00007ff9c23e0000 - 0x00007ff9c23fa000 	C:\WINDOWS\SYSTEM32\dhcpcsvc.DLL

VM Arguments:
jvm_args: -agentlib:jdwp=transport=dt_socket,suspend=y,address=localhost:59882 -Dcom.sun.management.jmxremote -Dcom.sun.management.jmxremote.port=59881 -Dcom.sun.management.jmxremote.authenticate=false -Dcom.sun.management.jmxremote.ssl=false -Djava.rmi.server.hostname=localhost -Dspring.liveBeansView.mbeanDomain -Dspring.application.admin.enabled=true -Xverify:none -XX:TieredStopAtLevel=1 -Dfile.encoding=UTF-8 
java_command: com.acboot.aviocompany.AviocompanyApplication --spring.output.ansi.enabled=always
java_class_path (initial): C:\Users\Nikola\Desktop\ISA TEMP NOVO\aviocompany-service\target\classes;C:\Users\Nikola\.m2\repository\org\springframework\boot\spring-boot-starter-security\2.1.4.RELEASE\spring-boot-starter-security-2.1.4.RELEASE.jar;C:\Users\Nikola\.m2\repository\org\springframework\boot\spring-boot-starter\2.1.4.RELEASE\spring-boot-starter-2.1.4.RELEASE.jar;C:\Users\Nikola\.m2\repository\org\springframework\boot\spring-boot\2.1.4.RELEASE\spring-boot-2.1.4.RELEASE.jar;C:\Users\Nikola\.m2\repository\org\springframework\boot\spring-boot-autoconfigure\2.1.4.RELEASE\spring-boot-autoconfigure-2.1.4.RELEASE.jar;C:\Users\Nikola\.m2\repository\org\springframework\boot\spring-boot-starter-logging\2.1.4.RELEASE\spring-boot-starter-logging-2.1.4.RELEASE.jar;C:\Users\Nikola\.m2\repository\ch\qos\logback\logback-classic\1.2.3\logback-classic-1.2.3.jar;C:\Users\Nikola\.m2\repository\ch\qos\logback\logback-core\1.2.3\logback-core-1.2.3.jar;C:\Users\Nikola\.m2\repository\org\apache\logging\log4j\log4j-to-slf4j\2.11.2\log4j-to-slf4j-2.11.2.jar;C:\Users\Nikola\.m2\repository\org\apache\logging\log4j\log4j-api\2.11.2\log4j-api-2.11.2.jar;C:\Users\Nikola\.m2\repository\org\slf4j\jul-to-slf4j\1.7.26\jul-to-slf4j-1.7.26.jar;C:\Users\Nikola\.m2\repository\javax\annotation\javax.annotation-api\1.3.2\javax.annotation-api-1.3.2.jar;C:\Users\Nikola\.m2\repository\org\yaml\snakeyaml\1.23\snakeyaml-1.23.jar;C:\Users\Nikola\.m2\repository\org\springframework\spring-aop\5.1.6.RELEASE\spring-aop-5.1.6.RELEASE.jar;C:\Users\Nikola\.m2\repository\org\springframework\spring-beans\5.1.6.RELEASE\spring-beans-5.1.6.RELEASE.jar;C:\Users\Nikola\.m2\repository\org\springframework\security\spring-security-config\5.1.5.RELEASE\spring-security-config-5.1.5.RELEASE.jar;C:\Users\Nikola\.m2\repository\org\springframework\security\spring-security-core\5.1.5.RELEASE\spring-security-core-5.1.5.RELEASE.jar;C:\Users\Nikola\.m2\repository\org\springframework\spring-context\5.1.6.RELEASE\spring-context-5.
Launcher Type: SUN_STANDARD

Environment Variables:
JAVA_HOME=C:\Program Files\Java\jdk1.8.0_191
JRE_HOME=C:\Program Files\Java\jre1.8.0_191
PATH=C:\Program Files\Java\jdk1.8.0_191\jre\bin;C:/Program Files/Java/jre1.8.0_191/bin/server;C:/Program Files/Java/jre1.8.0_191/bin;C:/Program Files/Java/jre1.8.0_191/lib/amd64;C:\ProgramData\DockerDesktop\version-bin;C:\Program Files\Docker\Docker\Resources\bin;"C:\Program Files (x86)\Common Files\Oracle\Java\javapath;C:\Program Files\Java\jdk1.8.0_191\bin";C:\WINDOWS\system32;C:\WINDOWS;C:\WINDOWS\System32\Wbem;C:\WINDOWS\System32\WindowsPowerShell\v1.0\;C:\Dev\Git\cmd;C:\WINDOWS\System32\OpenSSH\;C:\Program Files\nodejs\;C:\Users\Nikola\AppData\Local\Microsoft\WindowsApps;C:\Dev\VisualCode\bin;C:\Program Files\heroku\bin;C:\Users\Nikola\AppData\Local\Google\Cloud SDK\google-cloud-sdk\bin;C:\Users\Nikola\AppData\Roaming\npm;C:\Dev\Spring application\sts-bundle\sts-3.9.7.RELEASE;
USERNAME=Nikola
OS=Windows_NT
PROCESSOR_IDENTIFIER=AMD64 Family 23 Model 17 Stepping 0, AuthenticAMD



---------------  S Y S T E M  ---------------

OS: Windows 10.0 , 64 bit Build 17134 (10.0.17134.753)

CPU:total 8 (initial active 8) (8 cores per cpu, 1 threads per core) family 23 model 17 stepping 0, cmov, cx8, fxsr, mmx, sse, sse2, sse3, ssse3, sse4.1, sse4.2, popcnt, avx, avx2, aes, clmul, mmxext, 3dnowpref, lzcnt, sse4a, tsc, tscinvbit, tscinv, bmi1

Memory: 4k page, physical 8031412k(1031788k free), swap 21389380k(3276644k free)

vm_info: Java HotSpot(TM) 64-Bit Server VM (25.191-b12) for windows-amd64 JRE (1.8.0_191-b12), built on Oct  6 2018 09:29:03 by "java_re" with MS VC++ 10.0 (VS2010)

time: Thu Aug 15 10:54:06 2019
elapsed time: 22 seconds (0d 0h 0m 22s)

